<?xml version="1.0" encoding="UTF-8"?>
<!-- Generated by org.testng.reporters.JUnitReportReporter -->
<testsuite hostname="DESKTOP-K9D9VH2" failures="0" tests="6" name="testCases.TC003_LoginDDT" time="67.664" errors="0" timestamp="2025-09-13T01:19:42 IST" skipped="0">
  <testcase classname="testCases.TC003_LoginDDT" name="verify_loginDDT" time="14.256"/>
  <testcase classname="testCases.TC003_LoginDDT" name="verify_loginDDT" time="14.319"/>
  <testcase classname="testCases.TC003_LoginDDT" name="verify_loginDDT" time="14.531"/>
  <testcase classname="testCases.TC003_LoginDDT" name="verify_loginDDT" time="14.393"/>
  <testcase classname="testCases.TC003_LoginDDT" name="verify_loginDDT" time="5.266"/>
  <testcase classname="testCases.TC003_LoginDDT" name="verify_loginDDT" time="4.899"/>
</testsuite> <!-- testCases.TC003_LoginDDT -->
