<?xml version="1.0" encoding="UTF-8"?>
<!-- Generated by org.testng.reporters.JUnitReportReporter -->
<testsuite hostname="DESKTOP-K9D9VH2" failures="0" tests="2" name="testCases.TC001_AccountRegistrationTest" time="4.767" errors="0" timestamp="2025-09-17T23:20:05 IST" skipped="0">
  <testcase classname="testCases.TC001_AccountRegistrationTest" name="Verify_Account_Registration" time="2.211"/>
  <testcase classname="testCases.TC001_AccountRegistrationTest" name="Verify_Account_Registration" time="2.556"/>
</testsuite> <!-- testCases.TC001_AccountRegistrationTest -->
