<?xml version="1.0" encoding="UTF-8"?>
<!-- Generated by org.testng.reporters.JUnitReportReporter -->
<testsuite hostname="DESKTOP-K9D9VH2" failures="0" tests="2" name="testCases.TC002_LoginTest" time="8.674" errors="0" timestamp="2025-09-17T23:20:05 IST" skipped="0">
  <testcase classname="testCases.TC002_LoginTest" name="logintest" time="4.576"/>
  <testcase classname="testCases.TC002_LoginTest" name="logintest" time="4.098"/>
</testsuite> <!-- testCases.TC002_LoginTest -->
