<?xml version="1.0" encoding="UTF-8"?>
<!-- Generated by org.testng.reporters.JUnitReportReporter -->
<testsuite hostname="DESKTOP-K9D9VH2" failures="0" tests="1" name="testCases.TC001_AccountRegistrationTest" time="2.544" errors="0" timestamp="2025-09-19T19:33:11 IST" skipped="0">
  <testcase classname="testCases.TC001_AccountRegistrationTest" name="Verify_Account_Registration" time="2.544"/>
</testsuite> <!-- testCases.TC001_AccountRegistrationTest -->
