<?xml version="1.0" encoding="UTF-8"?>
<!-- Generated by org.testng.reporters.JUnitReportReporter -->
<testsuite hostname="DESKTOP-K9D9VH2" failures="0" tests="6" name="testCases.TC003_LoginDDT" time="65.656" errors="0" timestamp="2025-09-19T19:33:11 IST" skipped="0">
  <testcase classname="testCases.TC003_LoginDDT" name="verify_loginDDT" time="13.713"/>
  <testcase classname="testCases.TC003_LoginDDT" name="verify_loginDDT" time="4.981"/>
  <testcase classname="testCases.TC003_LoginDDT" name="verify_loginDDT" time="4.850"/>
  <testcase classname="testCases.TC003_LoginDDT" name="verify_loginDDT" time="14.666"/>
  <testcase classname="testCases.TC003_LoginDDT" name="verify_loginDDT" time="13.747"/>
  <testcase classname="testCases.TC003_LoginDDT" name="verify_loginDDT" time="13.699"/>
</testsuite> <!-- testCases.TC003_LoginDDT -->
